This is pdfTeX, Version 3.14159265-2.6-1.40.16 (MiKTeX 2.9) (preloaded format=pdflatex 2015.8.31)  2 OCT 2015 15:21
entering extended mode
**"DSB miniprojekt.tex"
("DSB miniprojekt.tex"
LaTeX2e <2015/01/01> patch level 2
Babel <3.9m> and hyphenation patterns for 69 languages loaded.
("C:\Program Files (x86)\MiKTeX 2.9\tex\latex\base\article.cls"
Document Class: article 2014/09/29 v1.4h Standard LaTeX document class
("C:\Program Files (x86)\MiKTeX 2.9\tex\latex\base\size12.clo"
File: size12.clo 2014/09/29 v1.4h Standard LaTeX file (size option)
)
\c@part=\count79
\c@section=\count80
\c@subsection=\count81
\c@subsubsection=\count82
\c@paragraph=\count83
\c@subparagraph=\count84
\c@figure=\count85
\c@table=\count86
\abovecaptionskip=\skip41
\belowcaptionskip=\skip42
\bibindent=\dimen102
)
("C:\Program Files (x86)\MiKTeX 2.9\tex\latex\base\inputenc.sty"
Package: inputenc 2015/03/17 v1.2c Input encoding file
\inpenc@prehook=\toks14
\inpenc@posthook=\toks15

("C:\Program Files (x86)\MiKTeX 2.9\tex\latex\base\utf8.def"
File: utf8.def 2015/06/27 v1.1n UTF-8 support for inputenc
Now handling font encoding OML ...
... no UTF-8 mapping file for font encoding OML
Now handling font encoding T1 ...
... processing UTF-8 mapping file for font encoding T1

("C:\Program Files (x86)\MiKTeX 2.9\tex\latex\base\t1enc.dfu"
File: t1enc.dfu 2015/06/27 v1.1n UTF-8 support for inputenc
   defining Unicode char U+00A1 (decimal 161)
   defining Unicode char U+00A3 (decimal 163)
   defining Unicode char U+00AB (decimal 171)
   defining Unicode char U+00BB (decimal 187)
   defining Unicode char U+00BF (decimal 191)
   defining Unicode char U+00C0 (decimal 192)
   defining Unicode char U+00C1 (decimal 193)
   defining Unicode char U+00C2 (decimal 194)
   defining Unicode char U+00C3 (decimal 195)
   defining Unicode char U+00C4 (decimal 196)
   defining Unicode char U+00C5 (decimal 197)
   defining Unicode char U+00C6 (decimal 198)
   defining Unicode char U+00C7 (decimal 199)
   defining Unicode char U+00C8 (decimal 200)
   defining Unicode char U+00C9 (decimal 201)
   defining Unicode char U+00CA (decimal 202)
   defining Unicode char U+00CB (decimal 203)
   defining Unicode char U+00CC (decimal 204)
   defining Unicode char U+00CD (decimal 205)
   defining Unicode char U+00CE (decimal 206)
   defining Unicode char U+00CF (decimal 207)
   defining Unicode char U+00D0 (decimal 208)
   defining Unicode char U+00D1 (decimal 209)
   defining Unicode char U+00D2 (decimal 210)
   defining Unicode char U+00D3 (decimal 211)
   defining Unicode char U+00D4 (decimal 212)
   defining Unicode char U+00D5 (decimal 213)
   defining Unicode char U+00D6 (decimal 214)
   defining Unicode char U+00D8 (decimal 216)
   defining Unicode char U+00D9 (decimal 217)
   defining Unicode char U+00DA (decimal 218)
   defining Unicode char U+00DB (decimal 219)
   defining Unicode char U+00DC (decimal 220)
   defining Unicode char U+00DD (decimal 221)
   defining Unicode char U+00DE (decimal 222)
   defining Unicode char U+00DF (decimal 223)
   defining Unicode char U+00E0 (decimal 224)
   defining Unicode char U+00E1 (decimal 225)
   defining Unicode char U+00E2 (decimal 226)
   defining Unicode char U+00E3 (decimal 227)
   defining Unicode char U+00E4 (decimal 228)
   defining Unicode char U+00E5 (decimal 229)
   defining Unicode char U+00E6 (decimal 230)
   defining Unicode char U+00E7 (decimal 231)
   defining Unicode char U+00E8 (decimal 232)
   defining Unicode char U+00E9 (decimal 233)
   defining Unicode char U+00EA (decimal 234)
   defining Unicode char U+00EB (decimal 235)
   defining Unicode char U+00EC (decimal 236)
   defining Unicode char U+00ED (decimal 237)
   defining Unicode char U+00EE (decimal 238)
   defining Unicode char U+00EF (decimal 239)
   defining Unicode char U+00F0 (decimal 240)
   defining Unicode char U+00F1 (decimal 241)
   defining Unicode char U+00F2 (decimal 242)
   defining Unicode char U+00F3 (decimal 243)
   defining Unicode char U+00F4 (decimal 244)
   defining Unicode char U+00F5 (decimal 245)
   defining Unicode char U+00F6 (decimal 246)
   defining Unicode char U+00F8 (decimal 248)
   defining Unicode char U+00F9 (decimal 249)
   defining Unicode char U+00FA (decimal 250)
   defining Unicode char U+00FB (decimal 251)
   defining Unicode char U+00FC (decimal 252)
   defining Unicode char U+00FD (decimal 253)
   defining Unicode char U+00FE (decimal 254)
   defining Unicode char U+00FF (decimal 255)
   defining Unicode char U+0102 (decimal 258)
   defining Unicode char U+0103 (decimal 259)
   defining Unicode char U+0104 (decimal 260)
   defining Unicode char U+0105 (decimal 261)
   defining Unicode char U+0106 (decimal 262)
   defining Unicode char U+0107 (decimal 263)
   defining Unicode char U+010C (decimal 268)
   defining Unicode char U+010D (decimal 269)
   defining Unicode char U+010E (decimal 270)
   defining Unicode char U+010F (decimal 271)
   defining Unicode char U+0110 (decimal 272)
   defining Unicode char U+0111 (decimal 273)
   defining Unicode char U+0118 (decimal 280)
   defining Unicode char U+0119 (decimal 281)
   defining Unicode char U+011A (decimal 282)
   defining Unicode char U+011B (decimal 283)
   defining Unicode char U+011E (decimal 286)
   defining Unicode char U+011F (decimal 287)
   defining Unicode char U+0130 (decimal 304)
   defining Unicode char U+0131 (decimal 305)
   defining Unicode char U+0132 (decimal 306)
   defining Unicode char U+0133 (decimal 307)
   defining Unicode char U+0139 (decimal 313)
   defining Unicode char U+013A (decimal 314)
   defining Unicode char U+013D (decimal 317)
   defining Unicode char U+013E (decimal 318)
   defining Unicode char U+0141 (decimal 321)
   defining Unicode char U+0142 (decimal 322)
   defining Unicode char U+0143 (decimal 323)
   defining Unicode char U+0144 (decimal 324)
   defining Unicode char U+0147 (decimal 327)
   defining Unicode char U+0148 (decimal 328)
   defining Unicode char U+014A (decimal 330)
   defining Unicode char U+014B (decimal 331)
   defining Unicode char U+0150 (decimal 336)
   defining Unicode char U+0151 (decimal 337)
   defining Unicode char U+0152 (decimal 338)
   defining Unicode char U+0153 (decimal 339)
   defining Unicode char U+0154 (decimal 340)
   defining Unicode char U+0155 (decimal 341)
   defining Unicode char U+0158 (decimal 344)
   defining Unicode char U+0159 (decimal 345)
   defining Unicode char U+015A (decimal 346)
   defining Unicode char U+015B (decimal 347)
   defining Unicode char U+015E (decimal 350)
   defining Unicode char U+015F (decimal 351)
   defining Unicode char U+0160 (decimal 352)
   defining Unicode char U+0161 (decimal 353)
   defining Unicode char U+0162 (decimal 354)
   defining Unicode char U+0163 (decimal 355)
   defining Unicode char U+0164 (decimal 356)
   defining Unicode char U+0165 (decimal 357)
   defining Unicode char U+016E (decimal 366)
   defining Unicode char U+016F (decimal 367)
   defining Unicode char U+0170 (decimal 368)
   defining Unicode char U+0171 (decimal 369)
   defining Unicode char U+0178 (decimal 376)
   defining Unicode char U+0179 (decimal 377)
   defining Unicode char U+017A (decimal 378)
   defining Unicode char U+017B (decimal 379)
   defining Unicode char U+017C (decimal 380)
   defining Unicode char U+017D (decimal 381)
   defining Unicode char U+017E (decimal 382)
   defining Unicode char U+200C (decimal 8204)
   defining Unicode char U+2013 (decimal 8211)
   defining Unicode char U+2014 (decimal 8212)
   defining Unicode char U+2018 (decimal 8216)
   defining Unicode char U+2019 (decimal 8217)
   defining Unicode char U+201A (decimal 8218)
   defining Unicode char U+201C (decimal 8220)
   defining Unicode char U+201D (decimal 8221)
   defining Unicode char U+201E (decimal 8222)
   defining Unicode char U+2030 (decimal 8240)
   defining Unicode char U+2031 (decimal 8241)
   defining Unicode char U+2039 (decimal 8249)
   defining Unicode char U+203A (decimal 8250)
   defining Unicode char U+2423 (decimal 9251)
)
Now handling font encoding OT1 ...
... processing UTF-8 mapping file for font encoding OT1

("C:\Program Files (x86)\MiKTeX 2.9\tex\latex\base\ot1enc.dfu"
File: ot1enc.dfu 2015/06/27 v1.1n UTF-8 support for inputenc
   defining Unicode char U+00A1 (decimal 161)
   defining Unicode char U+00A3 (decimal 163)
   defining Unicode char U+00B8 (decimal 184)
   defining Unicode char U+00BF (decimal 191)
   defining Unicode char U+00C5 (decimal 197)
   defining Unicode char U+00C6 (decimal 198)
   defining Unicode char U+00D8 (decimal 216)
   defining Unicode char U+00DF (decimal 223)
   defining Unicode char U+00E6 (decimal 230)
   defining Unicode char U+00EC (decimal 236)
   defining Unicode char U+00ED (decimal 237)
   defining Unicode char U+00EE (decimal 238)
   defining Unicode char U+00EF (decimal 239)
   defining Unicode char U+00F8 (decimal 248)
   defining Unicode char U+0131 (decimal 305)
   defining Unicode char U+0141 (decimal 321)
   defining Unicode char U+0142 (decimal 322)
   defining Unicode char U+0152 (decimal 338)
   defining Unicode char U+0153 (decimal 339)
   defining Unicode char U+2013 (decimal 8211)
   defining Unicode char U+2014 (decimal 8212)
   defining Unicode char U+2018 (decimal 8216)
   defining Unicode char U+2019 (decimal 8217)
   defining Unicode char U+201C (decimal 8220)
   defining Unicode char U+201D (decimal 8221)
)
Now handling font encoding OMS ...
... processing UTF-8 mapping file for font encoding OMS

("C:\Program Files (x86)\MiKTeX 2.9\tex\latex\base\omsenc.dfu"
File: omsenc.dfu 2015/06/27 v1.1n UTF-8 support for inputenc
   defining Unicode char U+00A7 (decimal 167)
   defining Unicode char U+00B6 (decimal 182)
   defining Unicode char U+00B7 (decimal 183)
   defining Unicode char U+2020 (decimal 8224)
   defining Unicode char U+2021 (decimal 8225)
   defining Unicode char U+2022 (decimal 8226)
)
Now handling font encoding OMX ...
... no UTF-8 mapping file for font encoding OMX
Now handling font encoding U ...
... no UTF-8 mapping file for font encoding U
   defining Unicode char U+00A9 (decimal 169)
   defining Unicode char U+00AA (decimal 170)
   defining Unicode char U+00AE (decimal 174)
   defining Unicode char U+00BA (decimal 186)
   defining Unicode char U+02C6 (decimal 710)
   defining Unicode char U+02DC (decimal 732)
   defining Unicode char U+200C (decimal 8204)
   defining Unicode char U+2026 (decimal 8230)
   defining Unicode char U+2122 (decimal 8482)
   defining Unicode char U+2423 (decimal 9251)
))
("C:\Program Files (x86)\MiKTeX 2.9\tex\latex\graphics\graphicx.sty"
Package: graphicx 2014/10/28 v1.0g Enhanced LaTeX Graphics (DPC,SPQR)

("C:\Program Files (x86)\MiKTeX 2.9\tex\latex\graphics\keyval.sty"
Package: keyval 2014/10/28 v1.15 key=value parser (DPC)
\KV@toks@=\toks16
)
("C:\Program Files (x86)\MiKTeX 2.9\tex\latex\graphics\graphics.sty"
Package: graphics 2014/10/28 v1.0p Standard LaTeX Graphics (DPC,SPQR)

("C:\Program Files (x86)\MiKTeX 2.9\tex\latex\graphics\trig.sty"
Package: trig 1999/03/16 v1.09 sin cos tan (DPC)
)
("C:\Program Files (x86)\MiKTeX 2.9\tex\latex\00miktex\graphics.cfg"
File: graphics.cfg 2007/01/18 v1.5 graphics configuration of teTeX/TeXLive
)
Package graphics Info: Driver file: pdftex.def on input line 94.

("C:\Program Files (x86)\MiKTeX 2.9\tex\latex\pdftex-def\pdftex.def"
File: pdftex.def 2011/05/27 v0.06d Graphics/color for pdfTeX

("C:\Program Files (x86)\MiKTeX 2.9\tex\generic\oberdiek\infwarerr.sty"
Package: infwarerr 2010/04/08 v1.3 Providing info/warning/error messages (HO)
)
("C:\Program Files (x86)\MiKTeX 2.9\tex\generic\oberdiek\ltxcmds.sty"
Package: ltxcmds 2011/11/09 v1.22 LaTeX kernel commands for general use (HO)
)
\Gread@gobject=\count87
))
\Gin@req@height=\dimen103
\Gin@req@width=\dimen104
)
("C:\Program Files (x86)\MiKTeX 2.9\tex\latex\floatrow\floatrow.sty"
Package: floatrow 2008/08/02 v0.3b floatrow: float package extension

("C:\Program Files (x86)\MiKTeX 2.9\tex\latex\caption\caption3.sty"
Package: caption3 2013/05/02 v1.6-88 caption3 kernel (AR)
Package caption3 Info: TeX engine: e-TeX on input line 57.
\captionmargin=\dimen105
\captionmargin@=\dimen106
\captionwidth=\dimen107
\caption@tempdima=\dimen108
\caption@indent=\dimen109
\caption@parindent=\dimen110
\caption@hangindent=\dimen111
)
\c@float@type=\count88
\float@exts=\toks17
\float@box=\box26
\@floatcapt=\box27
Package floatrow Info: Modified float package code loaded on input line 455.
Package floatrow Info: Modified rotfloat package code loaded on input line 473.

\FR@everyfloat=\toks18
\flrow@foot=\insert233
\FB@wd=\dimen112
\FBo@wd=\dimen113
\FBc@wd=\dimen114
\FBo@ht=\skip43
\FBc@ht=\skip44
\FBf@ht=\skip45
\FBo@max=\skip46
\FBc@max=\skip47
\FBf@max=\skip48
\c@FBl@b=\count89
\floatbox@depth=\count90
\c@FRobj=\count91
\c@FRsobj=\count92
\Xhsize=\skip49
\sXhsize=\skip50
\Zhsize=\skip51
\sZhsize=\skip52
\flrow@rowbox=\box28
\FR@Zunitlength=\dimen115
\c@FBcnt=\count93
\FPOScnt=\count94
\LTleft=\skip53
\LTright=\skip54
\LTleft=\skip55
\LTright=\skip56
\flrow@types=\toks19
)
("C:\Program Files (x86)\MiKTeX 2.9\tex\latex\geometry\geometry.sty"
Package: geometry 2010/09/12 v5.6 Page Geometry

("C:\Program Files (x86)\MiKTeX 2.9\tex\generic\oberdiek\ifpdf.sty"
Package: ifpdf 2011/01/30 v2.3 Provides the ifpdf switch (HO)
Package ifpdf Info: pdfTeX in PDF mode is detected.
)
("C:\Program Files (x86)\MiKTeX 2.9\tex\generic\oberdiek\ifvtex.sty"
Package: ifvtex 2010/03/01 v1.5 Detect VTeX and its facilities (HO)
Package ifvtex Info: VTeX not detected.
)
("C:\Program Files (x86)\MiKTeX 2.9\tex\generic\ifxetex\ifxetex.sty"
Package: ifxetex 2010/09/12 v0.6 Provides ifxetex conditional
)
\Gm@cnth=\count95
\Gm@cntv=\count96
\c@Gm@tempcnt=\count97
\Gm@bindingoffset=\dimen116
\Gm@wd@mp=\dimen117
\Gm@odd@mp=\dimen118
\Gm@even@mp=\dimen119
\Gm@layoutwidth=\dimen120
\Gm@layoutheight=\dimen121
\Gm@layouthoffset=\dimen122
\Gm@layoutvoffset=\dimen123
\Gm@dimlist=\toks20

("C:\Program Files (x86)\MiKTeX 2.9\tex\latex\geometry\geometry.cfg"))
("DSB miniprojekt.aux")
LaTeX Font Info:    Checking defaults for OML/cmm/m/it on input line 12.
LaTeX Font Info:    ... okay on input line 12.
LaTeX Font Info:    Checking defaults for T1/cmr/m/n on input line 12.
LaTeX Font Info:    ... okay on input line 12.
LaTeX Font Info:    Checking defaults for OT1/cmr/m/n on input line 12.
LaTeX Font Info:    ... okay on input line 12.
LaTeX Font Info:    Checking defaults for OMS/cmsy/m/n on input line 12.
LaTeX Font Info:    ... okay on input line 12.
LaTeX Font Info:    Checking defaults for OMX/cmex/m/n on input line 12.
LaTeX Font Info:    ... okay on input line 12.
LaTeX Font Info:    Checking defaults for U/cmr/m/n on input line 12.
LaTeX Font Info:    ... okay on input line 12.

("C:\Program Files (x86)\MiKTeX 2.9\tex\context\base\supp-pdf.mkii"
[Loading MPS to PDF converter (version 2006.09.02).]
\scratchcounter=\count98
\scratchdimen=\dimen124
\scratchbox=\box29
\nofMPsegments=\count99
\nofMParguments=\count100
\everyMPshowfont=\toks21
\MPscratchCnt=\count101
\MPscratchDim=\dimen125
\MPnumerator=\count102
\makeMPintoPDFobject=\count103
\everyMPtoPDFconversion=\toks22
)
Package caption Info: Begin \AtBeginDocument code.
Package caption Info: End \AtBeginDocument code.
 ("C:\Program Files (x86)\MiKTeX 2.9\tex\latex\graphics\color.sty"
Package: color 2014/10/28 v1.1a Standard LaTeX Color (DPC)

("C:\Program Files (x86)\MiKTeX 2.9\tex\latex\00miktex\color.cfg"
File: color.cfg 2007/01/18 v1.5 color configuration of teTeX/TeXLive
)
Package color Info: Driver file: pdftex.def on input line 142.
)
*geometry* driver: auto-detecting
*geometry* detected driver: pdftex
*geometry* verbose mode - [ preamble ] result:
* driver: pdftex
* paper: letterpaper
* layout: <same size as paper>
* layoutoffset:(h,v)=(0.0pt,0.0pt)
* modes: 
* h-part:(L,W,R)=(56.9055pt, 500.484pt, 56.9055pt)
* v-part:(T,H,B)=(56.9055pt, 681.15898pt, 56.9055pt)
* \paperwidth=614.295pt
* \paperheight=794.96999pt
* \textwidth=500.484pt
* \textheight=681.15898pt
* \oddsidemargin=-15.36449pt
* \evensidemargin=-15.36449pt
* \topmargin=-52.36449pt
* \headheight=12.0pt
* \headsep=25.0pt
* \topskip=12.0pt
* \footskip=30.0pt
* \marginparwidth=44.0pt
* \marginparsep=10.0pt
* \columnsep=10.0pt
* \skip\footins=10.8pt plus 4.0pt minus 2.0pt
* \hoffset=0.0pt
* \voffset=0.0pt
* \mag=1000
* \@twocolumnfalse
* \@twosidefalse
* \@mparswitchfalse
* \@reversemarginfalse
* (1in=72.27pt=25.4mm, 1cm=28.453pt)

<billeder/au.jpg, id=1, 307.3884pt x 80.9424pt>
File: billeder/au.jpg Graphic file (type jpg)
 <use billeder/au.jpg>
Package pdftex.def Info: billeder/au.jpg used on input line 55.
(pdftex.def)             Requested size: 153.69382pt x 40.4711pt.
 [1

{C:/Users/Mette Hammer/AppData/Local/MiKTeX/2.9/pdftex/config/pdftex.map} <./bi
lleder/au.jpg>] ("DSB miniprojekt.toc"
LaTeX Font Info:    External font `cmex10' loaded for size
(Font)              <12> on input line 12.
LaTeX Font Info:    External font `cmex10' loaded for size
(Font)              <8> on input line 12.
LaTeX Font Info:    External font `cmex10' loaded for size
(Font)              <6> on input line 12.
)
\tf@toc=\write3
 [1]
LaTeX Font Info:    Try loading font information for OMS+cmr on input line 87.

("C:\Program Files (x86)\MiKTeX 2.9\tex\latex\base\omscmr.fd"
File: omscmr.fd 2014/09/29 v2.5h Standard LaTeX font definitions
)
LaTeX Font Info:    Font shape `OMS/cmr/m/n' in size <12> not available
(Font)              Font shape `OMS/cmsy/m/n' tried instead on input line 87.


LaTeX Warning: Command \o invalid in math mode on input line 93.

<billeder/ADSR.jpg, id=14, 501.875pt x 228.855pt>
File: billeder/ADSR.jpg Graphic file (type jpg)
 <use billeder/ADSR.jpg>
Package pdftex.def Info: billeder/ADSR.jpg used on input line 116.
(pdftex.def)             Requested size: 350.33727pt x 159.7609pt.

[2] [3 <./billeder/ADSR.jpg>]
<billeder/LFO.png, id=25, 500.87125pt x 446.66875pt>
File: billeder/LFO.png Graphic file (type png)
 <use billeder/LFO.png>
Package pdftex.def Info: billeder/LFO.png used on input line 133.
(pdftex.def)             Requested size: 350.33727pt x 312.44107pt.

[4 <./billeder/LFO.png>]
Underfull \hbox (badness 10000) in paragraph at lines 186--188

 []

[5]
Underfull \hbox (badness 10000) in paragraph at lines 224--225

 []


Underfull \hbox (badness 10000) in paragraph at lines 238--239

 []

[6] <billeder/bilmotortids.png, id=42, 421.575pt x 316.18124pt>
File: billeder/bilmotortids.png Graphic file (type png)

<use billeder/bilmotortids.png>
Package pdftex.def Info: billeder/bilmotortids.png used on input line 257.
(pdftex.def)             Requested size: 269.76767pt x 202.33118pt.

Overfull \hbox (24.52568pt too wide) in paragraph at lines 257--257
 [][] 
 []

File: billeder/bilmotortids.png Graphic file (type png)
<use billeder/bilmotortids.png>
Package pdftex.def Info: billeder/bilmotortids.png used on input line 257.
(pdftex.def)             Requested size: 269.76767pt x 202.33118pt.

Overfull \hbox (24.52568pt too wide) in paragraph at lines 257--257
 [][] 
 []

<billeder/bilmotorstorrelse.png, id=43, 421.575pt x 316.18124pt>
File: billeder/bilmotorstorrelse.png Graphic file (type png)

<use billeder/bilmotorstorrelse.png>
Package pdftex.def Info: billeder/bilmotorstorrelse.png used on input line 258.

(pdftex.def)             Requested size: 269.76767pt x 202.33118pt.

Overfull \hbox (24.52568pt too wide) in paragraph at lines 258--258
 [][] 
 []

File: billeder/bilmotorstorrelse.png Graphic file (type png)
<use billeder/bilmotorstorrelse.png>
Package pdftex.def Info: billeder/bilmotorstorrelse.png used on input line 258.

(pdftex.def)             Requested size: 269.76767pt x 202.33118pt.

Overfull \hbox (24.52568pt too wide) in paragraph at lines 258--258
 [][] 
 []

<billeder/bilmotorfase.png, id=44, 421.575pt x 316.18124pt>
File: billeder/bilmotorfase.png Graphic file (type png)

<use billeder/bilmotorfase.png>
Package pdftex.def Info: billeder/bilmotorfase.png used on input line 264.
(pdftex.def)             Requested size: 269.76767pt x 202.33118pt.

Overfull \hbox (24.52568pt too wide) in paragraph at lines 264--264
 [][] 
 []

File: billeder/bilmotorfase.png Graphic file (type png)
<use billeder/bilmotorfase.png>
Package pdftex.def Info: billeder/bilmotorfase.png used on input line 264.
(pdftex.def)             Requested size: 269.76767pt x 202.33118pt.

Overfull \hbox (24.52568pt too wide) in paragraph at lines 264--264
 [][] 
 []

[7 <./billeder/bilmotortids.png (PNG copy)> <./billeder/bilmotorstorrelse.png (
PNG copy)> <./billeder/bilmotorfase.png (PNG copy)>]
<billeder/vindtid.png, id=48, 421.575pt x 316.18124pt>
File: billeder/vindtid.png Graphic file (type png)

<use billeder/vindtid.png>
Package pdftex.def Info: billeder/vindtid.png used on input line 280.
(pdftex.def)             Requested size: 269.76767pt x 202.33118pt.

Overfull \hbox (24.52568pt too wide) in paragraph at lines 280--280
 [][] 
 []

File: billeder/vindtid.png Graphic file (type png)
<use billeder/vindtid.png>
Package pdftex.def Info: billeder/vindtid.png used on input line 280.
(pdftex.def)             Requested size: 269.76767pt x 202.33118pt.

Overfull \hbox (24.52568pt too wide) in paragraph at lines 280--280
 [][] 
 []

<billeder/vindstorrelse.png, id=49, 421.575pt x 316.18124pt>
File: billeder/vindstorrelse.png Graphic file (type png)

<use billeder/vindstorrelse.png>
Package pdftex.def Info: billeder/vindstorrelse.png used on input line 281.
(pdftex.def)             Requested size: 269.76767pt x 202.33118pt.

Overfull \hbox (24.52568pt too wide) in paragraph at lines 281--281
 [][] 
 []

File: billeder/vindstorrelse.png Graphic file (type png)
<use billeder/vindstorrelse.png>
Package pdftex.def Info: billeder/vindstorrelse.png used on input line 281.
(pdftex.def)             Requested size: 269.76767pt x 202.33118pt.

Overfull \hbox (24.52568pt too wide) in paragraph at lines 281--281
 [][] 
 []

<billeder/vindfase.png, id=50, 421.575pt x 316.18124pt>
File: billeder/vindfase.png Graphic file (type png)

<use billeder/vindfase.png>
Package pdftex.def Info: billeder/vindfase.png used on input line 287.
(pdftex.def)             Requested size: 269.76767pt x 202.33118pt.

Overfull \hbox (24.52568pt too wide) in paragraph at lines 287--287
 [][] 
 []

File: billeder/vindfase.png Graphic file (type png)
<use billeder/vindfase.png>
Package pdftex.def Info: billeder/vindfase.png used on input line 287.
(pdftex.def)             Requested size: 269.76767pt x 202.33118pt.

Overfull \hbox (24.52568pt too wide) in paragraph at lines 287--287
 [][] 
 []

[8 <./billeder/vindtid.png (PNG copy)> <./billeder/vindstorrelse.png (PNG copy)
> <./billeder/vindfase.png (PNG copy)>]
<billeder/ekgtid.png, id=54, 421.575pt x 316.18124pt>
File: billeder/ekgtid.png Graphic file (type png)

<use billeder/ekgtid.png>
Package pdftex.def Info: billeder/ekgtid.png used on input line 302.
(pdftex.def)             Requested size: 269.76767pt x 202.33118pt.

Overfull \hbox (24.52568pt too wide) in paragraph at lines 302--302
 [][] 
 []

File: billeder/ekgtid.png Graphic file (type png)
<use billeder/ekgtid.png>
Package pdftex.def Info: billeder/ekgtid.png used on input line 302.
(pdftex.def)             Requested size: 269.76767pt x 202.33118pt.

Overfull \hbox (24.52568pt too wide) in paragraph at lines 302--302
 [][] 
 []

<billeder/ekgstorrelse.png, id=55, 421.575pt x 316.18124pt>
File: billeder/ekgstorrelse.png Graphic file (type png)

<use billeder/ekgstorrelse.png>
Package pdftex.def Info: billeder/ekgstorrelse.png used on input line 303.
(pdftex.def)             Requested size: 269.76767pt x 202.33118pt.

Overfull \hbox (24.52568pt too wide) in paragraph at lines 303--303
 [][] 
 []

File: billeder/ekgstorrelse.png Graphic file (type png)
<use billeder/ekgstorrelse.png>
Package pdftex.def Info: billeder/ekgstorrelse.png used on input line 303.
(pdftex.def)             Requested size: 269.76767pt x 202.33118pt.

Overfull \hbox (24.52568pt too wide) in paragraph at lines 303--303
 [][] 
 []

<billeder/ekgfase.png, id=56, 421.575pt x 316.18124pt>
File: billeder/ekgfase.png Graphic file (type png)

<use billeder/ekgfase.png>
Package pdftex.def Info: billeder/ekgfase.png used on input line 309.
(pdftex.def)             Requested size: 269.76767pt x 202.33118pt.

Overfull \hbox (24.52568pt too wide) in paragraph at lines 309--309
 [][] 
 []

File: billeder/ekgfase.png Graphic file (type png)
<use billeder/ekgfase.png>
Package pdftex.def Info: billeder/ekgfase.png used on input line 309.
(pdftex.def)             Requested size: 269.76767pt x 202.33118pt.

Overfull \hbox (24.52568pt too wide) in paragraph at lines 309--309
 [][] 
 []

[9 <./billeder/ekgtid.png (PNG copy)> <./billeder/ekgstorrelse.png (PNG copy)> 
<./billeder/ekgfase.png (PNG copy)>]
<billeder/mozarttid.png, id=60, 421.575pt x 316.18124pt>
File: billeder/mozarttid.png Graphic file (type png)

<use billeder/mozarttid.png>
Package pdftex.def Info: billeder/mozarttid.png used on input line 325.
(pdftex.def)             Requested size: 269.76767pt x 202.33118pt.

Overfull \hbox (24.52568pt too wide) in paragraph at lines 325--325
 [][] 
 []

File: billeder/mozarttid.png Graphic file (type png)
<use billeder/mozarttid.png>
Package pdftex.def Info: billeder/mozarttid.png used on input line 325.
(pdftex.def)             Requested size: 269.76767pt x 202.33118pt.

Overfull \hbox (24.52568pt too wide) in paragraph at lines 325--325
 [][] 
 []

<billeder/mozartstorrelse.png, id=61, 421.575pt x 316.18124pt>
File: billeder/mozartstorrelse.png Graphic file (type png)

<use billeder/mozartstorrelse.png>
Package pdftex.def Info: billeder/mozartstorrelse.png used on input line 326.
(pdftex.def)             Requested size: 269.76767pt x 202.33118pt.

Overfull \hbox (24.52568pt too wide) in paragraph at lines 326--326
 [][] 
 []

File: billeder/mozartstorrelse.png Graphic file (type png)
<use billeder/mozartstorrelse.png>
Package pdftex.def Info: billeder/mozartstorrelse.png used on input line 326.
(pdftex.def)             Requested size: 269.76767pt x 202.33118pt.

Overfull \hbox (24.52568pt too wide) in paragraph at lines 326--326
 [][] 
 []

<billeder/mozartfase.png, id=62, 421.575pt x 316.18124pt>
File: billeder/mozartfase.png Graphic file (type png)

<use billeder/mozartfase.png>
Package pdftex.def Info: billeder/mozartfase.png used on input line 333.
(pdftex.def)             Requested size: 269.76767pt x 202.33118pt.

Overfull \hbox (24.52568pt too wide) in paragraph at lines 333--333
 [][] 
 []

File: billeder/mozartfase.png Graphic file (type png)
<use billeder/mozartfase.png>
Package pdftex.def Info: billeder/mozartfase.png used on input line 333.
(pdftex.def)             Requested size: 269.76767pt x 202.33118pt.

Overfull \hbox (24.52568pt too wide) in paragraph at lines 333--333
 [][] 
 []

[10 <./billeder/mozarttid.png (PNG copy)> <./billeder/mozartstorrelse.png (PNG 
copy)> <./billeder/mozartfase.png (PNG copy)>]
<billeder/weekndtid.png, id=66, 421.575pt x 316.18124pt>
File: billeder/weekndtid.png Graphic file (type png)

<use billeder/weekndtid.png>
Package pdftex.def Info: billeder/weekndtid.png used on input line 349.
(pdftex.def)             Requested size: 269.76767pt x 202.33118pt.

Overfull \hbox (24.52568pt too wide) in paragraph at lines 349--349
 [][] 
 []

File: billeder/weekndtid.png Graphic file (type png)
<use billeder/weekndtid.png>
Package pdftex.def Info: billeder/weekndtid.png used on input line 349.
(pdftex.def)             Requested size: 269.76767pt x 202.33118pt.

Overfull \hbox (24.52568pt too wide) in paragraph at lines 349--349
 [][] 
 []

<billeder/weekndstorrelse.png, id=67, 421.575pt x 316.18124pt>
File: billeder/weekndstorrelse.png Graphic file (type png)

<use billeder/weekndstorrelse.png>
Package pdftex.def Info: billeder/weekndstorrelse.png used on input line 350.
(pdftex.def)             Requested size: 269.76767pt x 202.33118pt.

Overfull \hbox (24.52568pt too wide) in paragraph at lines 350--350
 [][] 
 []

File: billeder/weekndstorrelse.png Graphic file (type png)
<use billeder/weekndstorrelse.png>
Package pdftex.def Info: billeder/weekndstorrelse.png used on input line 350.
(pdftex.def)             Requested size: 269.76767pt x 202.33118pt.

Overfull \hbox (24.52568pt too wide) in paragraph at lines 350--350
 [][] 
 []

<billeder/weekndfase.png, id=68, 421.575pt x 316.18124pt>
File: billeder/weekndfase.png Graphic file (type png)

<use billeder/weekndfase.png>
Package pdftex.def Info: billeder/weekndfase.png used on input line 356.
(pdftex.def)             Requested size: 269.76767pt x 202.33118pt.

Overfull \hbox (24.52568pt too wide) in paragraph at lines 356--356
 [][] 
 []

File: billeder/weekndfase.png Graphic file (type png)
<use billeder/weekndfase.png>
Package pdftex.def Info: billeder/weekndfase.png used on input line 356.
(pdftex.def)             Requested size: 269.76767pt x 202.33118pt.

Overfull \hbox (24.52568pt too wide) in paragraph at lines 356--356
 [][] 
 []

[11 <./billeder/weekndtid.png (PNG copy)> <./billeder/weekndstorrelse.png (PNG 
copy)> <./billeder/weekndfase.png (PNG copy)>]
<billeder/eminemtid.png, id=72, 421.575pt x 316.18124pt>
File: billeder/eminemtid.png Graphic file (type png)

<use billeder/eminemtid.png>
Package pdftex.def Info: billeder/eminemtid.png used on input line 373.
(pdftex.def)             Requested size: 269.76767pt x 202.33118pt.

Overfull \hbox (24.52568pt too wide) in paragraph at lines 373--373
 [][] 
 []

File: billeder/eminemtid.png Graphic file (type png)
<use billeder/eminemtid.png>
Package pdftex.def Info: billeder/eminemtid.png used on input line 373.
(pdftex.def)             Requested size: 269.76767pt x 202.33118pt.

Overfull \hbox (24.52568pt too wide) in paragraph at lines 373--373
 [][] 
 []

<billeder/eminemstorrelse.png, id=73, 421.575pt x 316.18124pt>
File: billeder/eminemstorrelse.png Graphic file (type png)

<use billeder/eminemstorrelse.png>
Package pdftex.def Info: billeder/eminemstorrelse.png used on input line 374.
(pdftex.def)             Requested size: 269.76767pt x 202.33118pt.

Overfull \hbox (24.52568pt too wide) in paragraph at lines 374--374
 [][] 
 []

File: billeder/eminemstorrelse.png Graphic file (type png)
<use billeder/eminemstorrelse.png>
Package pdftex.def Info: billeder/eminemstorrelse.png used on input line 374.
(pdftex.def)             Requested size: 269.76767pt x 202.33118pt.

Overfull \hbox (24.52568pt too wide) in paragraph at lines 374--374
 [][] 
 []

<billeder/eminemfase.png, id=74, 421.575pt x 316.18124pt>
File: billeder/eminemfase.png Graphic file (type png)

<use billeder/eminemfase.png>
Package pdftex.def Info: billeder/eminemfase.png used on input line 380.
(pdftex.def)             Requested size: 269.76767pt x 202.33118pt.

Overfull \hbox (24.52568pt too wide) in paragraph at lines 380--380
 [][] 
 []

File: billeder/eminemfase.png Graphic file (type png)
<use billeder/eminemfase.png>
Package pdftex.def Info: billeder/eminemfase.png used on input line 380.
(pdftex.def)             Requested size: 269.76767pt x 202.33118pt.

Overfull \hbox (24.52568pt too wide) in paragraph at lines 380--380
 [][] 
 []

[12 <./billeder/eminemtid.png (PNG copy)> <./billeder/eminemstorrelse.png (PNG 
copy)> <./billeder/eminemfase.png (PNG copy)>]
<billeder/arctictid.png, id=79, 421.575pt x 316.18124pt>
File: billeder/arctictid.png Graphic file (type png)

<use billeder/arctictid.png>
Package pdftex.def Info: billeder/arctictid.png used on input line 395.
(pdftex.def)             Requested size: 269.76767pt x 202.33118pt.

Overfull \hbox (24.52568pt too wide) in paragraph at lines 395--395
 [][] 
 []

File: billeder/arctictid.png Graphic file (type png)
<use billeder/arctictid.png>
Package pdftex.def Info: billeder/arctictid.png used on input line 395.
(pdftex.def)             Requested size: 269.76767pt x 202.33118pt.

Overfull \hbox (24.52568pt too wide) in paragraph at lines 395--395
 [][] 
 []

<billeder/arcticstorrelse.png, id=80, 421.575pt x 316.18124pt>
File: billeder/arcticstorrelse.png Graphic file (type png)

<use billeder/arcticstorrelse.png>
Package pdftex.def Info: billeder/arcticstorrelse.png used on input line 396.
(pdftex.def)             Requested size: 269.76767pt x 202.33118pt.

Overfull \hbox (24.52568pt too wide) in paragraph at lines 396--396
 [][] 
 []

File: billeder/arcticstorrelse.png Graphic file (type png)
<use billeder/arcticstorrelse.png>
Package pdftex.def Info: billeder/arcticstorrelse.png used on input line 396.
(pdftex.def)             Requested size: 269.76767pt x 202.33118pt.

Overfull \hbox (24.52568pt too wide) in paragraph at lines 396--396
 [][] 
 []

<billeder/arcticfase.png, id=81, 421.575pt x 316.18124pt>
File: billeder/arcticfase.png Graphic file (type png)

<use billeder/arcticfase.png>
Package pdftex.def Info: billeder/arcticfase.png used on input line 403.
(pdftex.def)             Requested size: 269.76767pt x 202.33118pt.

Overfull \hbox (24.52568pt too wide) in paragraph at lines 403--403
 [][] 
 []

File: billeder/arcticfase.png Graphic file (type png)
<use billeder/arcticfase.png>
Package pdftex.def Info: billeder/arcticfase.png used on input line 403.
(pdftex.def)             Requested size: 269.76767pt x 202.33118pt.

Overfull \hbox (24.52568pt too wide) in paragraph at lines 403--403
 [][] 
 []

[13 <./billeder/arctictid.png (PNG copy)> <./billeder/arcticstorrelse.png (PNG 
copy)> <./billeder/arcticfase.png (PNG copy)>]
<billeder/rednextid.png, id=85, 421.575pt x 316.18124pt>
File: billeder/rednextid.png Graphic file (type png)

<use billeder/rednextid.png>
Package pdftex.def Info: billeder/rednextid.png used on input line 417.
(pdftex.def)             Requested size: 269.76767pt x 202.33118pt.

Overfull \hbox (24.52568pt too wide) in paragraph at lines 417--417
 [][] 
 []

File: billeder/rednextid.png Graphic file (type png)
<use billeder/rednextid.png>
Package pdftex.def Info: billeder/rednextid.png used on input line 417.
(pdftex.def)             Requested size: 269.76767pt x 202.33118pt.

Overfull \hbox (24.52568pt too wide) in paragraph at lines 417--417
 [][] 
 []

<billeder/rednexstorrelse.png, id=86, 421.575pt x 316.18124pt>
File: billeder/rednexstorrelse.png Graphic file (type png)

<use billeder/rednexstorrelse.png>
Package pdftex.def Info: billeder/rednexstorrelse.png used on input line 418.
(pdftex.def)             Requested size: 269.76767pt x 202.33118pt.

Overfull \hbox (24.52568pt too wide) in paragraph at lines 418--418
 [][] 
 []

File: billeder/rednexstorrelse.png Graphic file (type png)
<use billeder/rednexstorrelse.png>
Package pdftex.def Info: billeder/rednexstorrelse.png used on input line 418.
(pdftex.def)             Requested size: 269.76767pt x 202.33118pt.

Overfull \hbox (24.52568pt too wide) in paragraph at lines 418--418
 [][] 
 []

<billeder/rednexfase.png, id=87, 421.575pt x 316.18124pt>
File: billeder/rednexfase.png Graphic file (type png)

<use billeder/rednexfase.png>
Package pdftex.def Info: billeder/rednexfase.png used on input line 424.
(pdftex.def)             Requested size: 269.76767pt x 202.33118pt.

Overfull \hbox (24.52568pt too wide) in paragraph at lines 424--424
 [][] 
 []

File: billeder/rednexfase.png Graphic file (type png)
<use billeder/rednexfase.png>
Package pdftex.def Info: billeder/rednexfase.png used on input line 424.
(pdftex.def)             Requested size: 269.76767pt x 202.33118pt.

Overfull \hbox (24.52568pt too wide) in paragraph at lines 424--424
 [][] 
 []

[14 <./billeder/rednextid.png (PNG copy)> <./billeder/rednexstorrelse.png (PNG 
copy)> <./billeder/rednexfase.png (PNG copy)>] [15] ("DSB miniprojekt.aux") ) 
Here is how much of TeX's memory you used:
 3154 strings out of 493673
 47302 string characters out of 3141507
 112533 words of memory out of 3000000
 6464 multiletter control sequences out of 15000+200000
 10051 words of font info for 35 fonts, out of 3000000 for 9000
 1025 hyphenation exceptions out of 8191
 37i,12n,38p,448b,401s stack positions out of 5000i,500n,10000p,200000b,50000s
<C
:/Program Files (x86)/MiKTeX 2.9/fonts/type1/public/amsfonts/cm/cmbx12.pfb><C:/
Program Files (x86)/MiKTeX 2.9/fonts/type1/public/amsfonts/cm/cmcsc10.pfb><C:/P
rogram Files (x86)/MiKTeX 2.9/fonts/type1/public/amsfonts/cm/cmex10.pfb><C:/Pro
gram Files (x86)/MiKTeX 2.9/fonts/type1/public/amsfonts/cm/cmmi12.pfb><C:/Progr
am Files (x86)/MiKTeX 2.9/fonts/type1/public/amsfonts/cm/cmmi6.pfb><C:/Program 
Files (x86)/MiKTeX 2.9/fonts/type1/public/amsfonts/cm/cmmi8.pfb><C:/Program Fil
es (x86)/MiKTeX 2.9/fonts/type1/public/amsfonts/cm/cmr12.pfb><C:/Program Files 
(x86)/MiKTeX 2.9/fonts/type1/public/amsfonts/cm/cmr17.pfb><C:/Program Files (x8
6)/MiKTeX 2.9/fonts/type1/public/amsfonts/cm/cmr6.pfb><C:/Program Files (x86)/M
iKTeX 2.9/fonts/type1/public/amsfonts/cm/cmr8.pfb><C:/Program Files (x86)/MiKTe
X 2.9/fonts/type1/public/amsfonts/cm/cmsy10.pfb><C:/Program Files (x86)/MiKTeX 
2.9/fonts/type1/public/amsfonts/cm/cmsy6.pfb><C:/Program Files (x86)/MiKTeX 2.9
/fonts/type1/public/amsfonts/cm/cmsy8.pfb><C:/Program Files (x86)/MiKTeX 2.9/fo
nts/type1/public/amsfonts/cm/cmti12.pfb>
Output written on "DSB miniprojekt.pdf" (16 pages, 719201 bytes).
PDF statistics:
 138 PDF objects out of 1000 (max. 8388607)
 0 named destinations out of 1000 (max. 500000)
 136 words of extra memory for PDF output out of 10000 (max. 10000000)

